<?xml version="1.0" encoding="utf-8"?><testsuites name="pytest tests"><testsuite name="pytest" errors="0" failures="0" skipped="0" tests="16" time="2.017" timestamp="2026-05-14T02:43:17.871297+00:00" hostname="agent-env-1c2fc1fe-a53b-408f-81e1-299f0ab34af4"><testcase classname="backend.tests.test_montage_api.TestOldTokenRejected" name="test_old_token_verify_rejected" time="0.347" /><testcase classname="backend.tests.test_montage_api.TestOldTokenRejected" name="test_old_token_admin_bookings_rejected" time="0.137" /><testcase classname="backend.tests.test_montage_api.TestRoot" name="test_root" time="0.140" /><testcase classname="backend.tests.test_montage_api.TestBookings" name="test_create_booking_valid" time="0.078" /><testcase classname="backend.tests.test_montage_api.TestBookings" name="test_create_booking_minimal" time="0.075" /><testcase classname="backend.tests.test_montage_api.TestBookings" name="test_create_booking_missing_name" time="0.077" /><testcase classname="backend.tests.test_montage_api.TestBookings" name="test_create_booking_missing_event_type" time="0.079" /><testcase classname="backend.tests.test_montage_api.TestAdminVerify" name="test_verify_valid_token" time="0.076" /><testcase classname="backend.tests.test_montage_api.TestAdminVerify" name="test_verify_invalid_token" time="0.079" /><testcase classname="backend.tests.test_montage_api.TestAdminVerify" name="test_verify_empty_token" time="0.085" /><testcase classname="backend.tests.test_montage_api.TestAdminBookings" name="test_list_bookings_with_valid_token" time="0.077" /><testcase classname="backend.tests.test_montage_api.TestAdminBookings" name="test_list_bookings_invalid_token" time="0.072" /><testcase classname="backend.tests.test_montage_api.TestAdminBookings" name="test_list_bookings_missing_header" time="0.071" /><testcase classname="backend.tests.test_montage_api.TestAdminBookings" name="test_delete_booking_invalid_token" time="0.075" /><testcase classname="backend.tests.test_montage_api.TestAdminBookings" name="test_delete_booking_valid_token" time="0.224" /><testcase classname="backend.tests.test_montage_api" name="test_zzz_cleanup" time="0.238" /></testsuite></testsuites>